{"level":"info","message":"Request recebida","method":"POST","timestamp":"2025-08-23T13:34:39.357Z","url":"/api/auth/register","userAgent":"PostmanRuntime/7.45.0"}
{"level":"info","message":"Request recebida","method":"POST","timestamp":"2025-08-23T13:34:47.141Z","url":"/api/auth/login?Content-Type=application/json","userAgent":"PostmanRuntime/7.45.0"}
{"level":"info","message":"Request recebida","method":"POST","timestamp":"2025-08-23T13:35:02.457Z","url":"/api/auth/register","userAgent":"PostmanRuntime/7.45.0"}
{"level":"info","message":"Request recebida","method":"POST","timestamp":"2025-08-23T13:35:43.032Z","url":"/api/auth/login?Content-Type=application/json","userAgent":"PostmanRuntime/7.45.0"}
{"level":"info","message":"Request recebida","method":"POST","timestamp":"2025-08-23T13:35:54.381Z","url":"/api/tasks?Authorization=eyJhbGciOiJIUzI1NiIsInR5cCI6IkpXVCJ9.eyJpZCI6Ijg0ODNiYzMwLTlhY2EtNGY4ZC1hZmNkLTgxZjY1ZTFkZTU0YiIsImVtYWlsIjoidXNlckB0ZXN0LmNvbSIsInVzZXJuYW1lIjoidGVzdHVzZXIiLCJpYXQiOjE3NTU3ODkwNjAsImV4cCI6MTc1NTg3NTQ2MH0.cOiE3oTuHR01qzRycg9mvySkJzSci3Txun4FYHKd8ys&Content-Type=%20application/json","userAgent":"PostmanRuntime/7.45.0"}
{"level":"info","message":"Request recebida","method":"POST","timestamp":"2025-08-23T13:35:59.315Z","url":"/api/auth/login?Content-Type=application/json","userAgent":"PostmanRuntime/7.45.0"}
{"level":"info","message":"Request recebida","method":"POST","timestamp":"2025-08-23T13:37:01.255Z","url":"/api/tasks?Authorization=eyJhbGciOiJIUzI1NiIsInR5cCI6IkpXVCJ9.eyJpZCI6Ijg0ODNiYzMwLTlhY2EtNGY4ZC1hZmNkLTgxZjY1ZTFkZTU0YiIsImVtYWlsIjoidXNlckB0ZXN0LmNvbSIsInVzZXJuYW1lIjoidGVzdHVzZXIiLCJpYXQiOjE3NTU3ODkwNjAsImV4cCI6MTc1NTg3NTQ2MH0.cOiE3oTuHR01qzRycg9mvySkJzSci3Txun4FYHKd8ys&Content-Type=%20application/json","userAgent":"PostmanRuntime/7.45.0"}
{"level":"info","message":"Request recebida","method":"POST","timestamp":"2025-08-23T13:37:22.494Z","url":"/api/tasks?Authorization=Bearer%20eyJhbGciOiJIUzI1NiIsInR5cCI6IkpXVCJ9.eyJpZCI6Ijg0ODNiYzMwLTlhY2EtNGY4ZC1hZmNkLTgxZjY1ZTFkZTU0YiIsImVtYWlsIjoidXNlckB0ZXN0LmNvbSIsInVzZXJuYW1lIjoidGVzdHVzZXIiLCJpYXQiOjE3NTU5NTYxNTksImV4cCI6MTc1NjA0MjU1OX0.t_ViXPu6D8fAAAOCZZQORlbpX6-VDUZUdgiiGsf-6vw&Content-Type=%20application/json","userAgent":"PostmanRuntime/7.45.0"}
{"level":"info","message":"Request recebida","method":"POST","timestamp":"2025-08-23T13:37:24.225Z","url":"/api/tasks?Authorization=Bearer%20eyJhbGciOiJIUzI1NiIsInR5cCI6IkpXVCJ9.eyJpZCI6Ijg0ODNiYzMwLTlhY2EtNGY4ZC1hZmNkLTgxZjY1ZTFkZTU0YiIsImVtYWlsIjoidXNlckB0ZXN0LmNvbSIsInVzZXJuYW1lIjoidGVzdHVzZXIiLCJpYXQiOjE3NTU5NTYxNTksImV4cCI6MTc1NjA0MjU1OX0.t_ViXPu6D8fAAAOCZZQORlbpX6-VDUZUdgiiGsf-6vw&Content-Type=%20application/json","userAgent":"PostmanRuntime/7.45.0"}
{"level":"info","message":"Request recebida","method":"POST","timestamp":"2025-08-23T14:01:36.541Z","url":"/api/auth/login?Content-Type=application/json","userAgent":"PostmanRuntime/7.45.0"}
{"level":"info","message":"Request recebida","method":"GET","timestamp":"2025-08-23T14:01:50.866Z","url":"/api/tasks","userAgent":"PostmanRuntime/7.45.0"}
{"level":"info","message":"Request recebida","method":"GET","timestamp":"2025-08-23T14:01:51.925Z","url":"/api/tasks","userAgent":"PostmanRuntime/7.45.0"}
{"level":"info","message":"Request recebida","method":"POST","timestamp":"2025-08-23T14:36:47.078Z","url":"/api/tasks?Authorization=eyJhbGciOiJIUzI1NiIsInR5cCI6IkpXVCJ9.eyJpZCI6Ijg0ODNiYzMwLTlhY2EtNGY4ZC1hZmNkLTgxZjY1ZTFkZTU0YiIsImVtYWlsIjoidXNlckB0ZXN0LmNvbSIsInVzZXJuYW1lIjoidGVzdHVzZXIiLCJpYXQiOjE3NTU3ODkwNjAsImV4cCI6MTc1NTg3NTQ2MH0.cOiE3oTuHR01qzRycg9mvySkJzSci3Txun4FYHKd8ys&Content-Type=%20application/json","userAgent":"PostmanRuntime/7.45.0"}
{"level":"info","message":"Request recebida","method":"POST","timestamp":"2025-08-23T14:37:53.820Z","url":"/api/tasks?Authorization=eyJhbGciOiJIUzI1NiIsInR5cCI6IkpXVCJ9.eyJpZCI6Ijg0ODNiYzMwLTlhY2EtNGY4ZC1hZmNkLTgxZjY1ZTFkZTU0YiIsImVtYWlsIjoidXNlckB0ZXN0LmNvbSIsInVzZXJuYW1lIjoidGVzdHVzZXIiLCJpYXQiOjE3NTU3ODkwNjAsImV4cCI6MTc1NTg3NTQ2MH0.cOiE3oTuHR01qzRycg9mvySkJzSci3Txun4FYHKd8ys&Content-Type=%20application/json","userAgent":"PostmanRuntime/7.45.0"}
{"body":{"category":"Estudos","description":"Exercícios complementares","dueDate":"2025-09-01T00:00:00.000Z","priority":"high","tags":"node,backend","title":"Estudar Node.js"},"error":"SQLITE_ERROR: table tasks has no column named category","level":"error","message":"Erro ao criar tarefa","method":"POST","route":"/api/tasks?Authorization=eyJhbGciOiJIUzI1NiIsInR5cCI6IkpXVCJ9.eyJpZCI6Ijg0ODNiYzMwLTlhY2EtNGY4ZC1hZmNkLTgxZjY1ZTFkZTU0YiIsImVtYWlsIjoidXNlckB0ZXN0LmNvbSIsInVzZXJuYW1lIjoidGVzdHVzZXIiLCJpYXQiOjE3NTU3ODkwNjAsImV4cCI6MTc1NTg3NTQ2MH0.cOiE3oTuHR01qzRycg9mvySkJzSci3Txun4FYHKd8ys&Content-Type=%20application/json","stack":"Error: SQLITE_ERROR: table tasks has no column named category\n--> in Database#run('INSERT INTO tasks (id, title, description, priority, category, tags, dueDate, userId) \\n' +\n  '             VALUES (?, ?, ?, ?, ?, ?, ?, ?)', [\n  'efe44e22-4532-4c4c-bb90-22a2b45ec2b8',\n  'Estudar Node.js',\n  'Exercícios complementares',\n  'high',\n  'Estudos',\n  'node,backend',\n  2025-09-01T00:00:00.000Z,\n  '8483bc30-9aca-4f8d-afcd-81f65e1de54b'\n], [Function (anonymous)])\n    at C:\\workspace\\labAppDist\\lab01-servidor-tradicional\\database\\database.js:52:21\n    at new Promise (<anonymous>)\n    at Database.run (C:\\workspace\\labAppDist\\lab01-servidor-tradicional\\database\\database.js:51:16)\n    at C:\\workspace\\labAppDist\\lab01-servidor-tradicional\\routes\\tasks.js:120:25\n    at Layer.handleRequest (C:\\workspace\\labAppDist\\lab01-servidor-tradicional\\node_modules\\router\\lib\\layer.js:152:17)\n    at next (C:\\workspace\\labAppDist\\lab01-servidor-tradicional\\node_modules\\router\\lib\\route.js:157:13)\n    at C:\\workspace\\labAppDist\\lab01-servidor-tradicional\\middleware\\validation.js:39:5\n    at Layer.handleRequest (C:\\workspace\\labAppDist\\lab01-servidor-tradicional\\node_modules\\router\\lib\\layer.js:152:17)\n    at next (C:\\workspace\\labAppDist\\lab01-servidor-tradicional\\node_modules\\router\\lib\\route.js:157:13)","timestamp":"2025-08-23T14:37:53.827Z","userId":"8483bc30-9aca-4f8d-afcd-81f65e1de54b"}
{"level":"info","message":"Request recebida","method":"POST","timestamp":"2025-08-23T14:40:46.239Z","url":"/api/tasks?Authorization=eyJhbGciOiJIUzI1NiIsInR5cCI6IkpXVCJ9.eyJpZCI6Ijg0ODNiYzMwLTlhY2EtNGY4ZC1hZmNkLTgxZjY1ZTFkZTU0YiIsImVtYWlsIjoidXNlckB0ZXN0LmNvbSIsInVzZXJuYW1lIjoidGVzdHVzZXIiLCJpYXQiOjE3NTU3ODkwNjAsImV4cCI6MTc1NTg3NTQ2MH0.cOiE3oTuHR01qzRycg9mvySkJzSci3Txun4FYHKd8ys&Content-Type=%20application/json","userAgent":"PostmanRuntime/7.45.0"}
{"level":"info","message":"Request recebida","method":"POST","timestamp":"2025-08-23T14:41:21.213Z","url":"/api/tasks?Authorization=eyJhbGciOiJIUzI1NiIsInR5cCI6IkpXVCJ9.eyJpZCI6Ijg0ODNiYzMwLTlhY2EtNGY4ZC1hZmNkLTgxZjY1ZTFkZTU0YiIsImVtYWlsIjoidXNlckB0ZXN0LmNvbSIsInVzZXJuYW1lIjoidGVzdHVzZXIiLCJpYXQiOjE3NTU3ODkwNjAsImV4cCI6MTc1NTg3NTQ2MH0.cOiE3oTuHR01qzRycg9mvySkJzSci3Txun4FYHKd8ys&Content-Type=%20application/json","userAgent":"PostmanRuntime/7.45.0"}
{"level":"info","message":"Request recebida","method":"POST","timestamp":"2025-08-23T14:41:42.499Z","url":"/api/tasks?Authorization=eyJhbGciOiJIUzI1NiIsInR5cCI6IkpXVCJ9.eyJpZCI6Ijg0ODNiYzMwLTlhY2EtNGY4ZC1hZmNkLTgxZjY1ZTFkZTU0YiIsImVtYWlsIjoidXNlckB0ZXN0LmNvbSIsInVzZXJuYW1lIjoidGVzdHVzZXIiLCJpYXQiOjE3NTU3ODkwNjAsImV4cCI6MTc1NTg3NTQ2MH0.cOiE3oTuHR01qzRycg9mvySkJzSci3Txun4FYHKd8ys&Content-Type=%20application/json","userAgent":"PostmanRuntime/7.45.0"}
{"level":"info","message":"Request recebida","method":"POST","timestamp":"2025-08-23T14:41:49.733Z","url":"/api/tasks?Authorization=eyJhbGciOiJIUzI1NiIsInR5cCI6IkpXVCJ9.eyJpZCI6Ijg0ODNiYzMwLTlhY2EtNGY4ZC1hZmNkLTgxZjY1ZTFkZTU0YiIsImVtYWlsIjoidXNlckB0ZXN0LmNvbSIsInVzZXJuYW1lIjoidGVzdHVzZXIiLCJpYXQiOjE3NTU3ODkwNjAsImV4cCI6MTc1NTg3NTQ2MH0.cOiE3oTuHR01qzRycg9mvySkJzSci3Txun4FYHKd8ys&Content-Type=%20application/json","userAgent":"PostmanRuntime/7.45.0"}
{"level":"info","message":"Request recebida","method":"POST","timestamp":"2025-08-23T14:42:25.648Z","url":"/api/tasks?Authorization=eyJhbGciOiJIUzI1NiIsInR5cCI6IkpXVCJ9.eyJpZCI6Ijg0ODNiYzMwLTlhY2EtNGY4ZC1hZmNkLTgxZjY1ZTFkZTU0YiIsImVtYWlsIjoidXNlckB0ZXN0LmNvbSIsInVzZXJuYW1lIjoidGVzdHVzZXIiLCJpYXQiOjE3NTU3ODkwNjAsImV4cCI6MTc1NTg3NTQ2MH0.cOiE3oTuHR01qzRycg9mvySkJzSci3Txun4FYHKd8ys&Content-Type=%20application/json","userAgent":"PostmanRuntime/7.45.0"}
{"level":"info","message":"Request recebida","method":"POST","timestamp":"2025-08-23T14:42:36.478Z","url":"/api/tasks?Authorization=eyJhbGciOiJIUzI1NiIsInR5cCI6IkpXVCJ9.eyJpZCI6Ijg0ODNiYzMwLTlhY2EtNGY4ZC1hZmNkLTgxZjY1ZTFkZTU0YiIsImVtYWlsIjoidXNlckB0ZXN0LmNvbSIsInVzZXJuYW1lIjoidGVzdHVzZXIiLCJpYXQiOjE3NTU3ODkwNjAsImV4cCI6MTc1NTg3NTQ2MH0.cOiE3oTuHR01qzRycg9mvySkJzSci3Txun4FYHKd8ys&Content-Type=%20application/json","userAgent":"PostmanRuntime/7.45.0"}
{"level":"info","message":"Request recebida","method":"POST","timestamp":"2025-08-23T14:42:42.368Z","url":"/api/tasks?Authorization=eyJhbGciOiJIUzI1NiIsInR5cCI6IkpXVCJ9.eyJpZCI6Ijg0ODNiYzMwLTlhY2EtNGY4ZC1hZmNkLTgxZjY1ZTFkZTU0YiIsImVtYWlsIjoidXNlckB0ZXN0LmNvbSIsInVzZXJuYW1lIjoidGVzdHVzZXIiLCJpYXQiOjE3NTU3ODkwNjAsImV4cCI6MTc1NTg3NTQ2MH0.cOiE3oTuHR01qzRycg9mvySkJzSci3Txun4FYHKd8ys&Content-Type=%20application/json","userAgent":"PostmanRuntime/7.45.0"}
{"level":"info","message":"Request recebida","method":"POST","timestamp":"2025-08-23T14:42:43.128Z","url":"/api/tasks?Authorization=eyJhbGciOiJIUzI1NiIsInR5cCI6IkpXVCJ9.eyJpZCI6Ijg0ODNiYzMwLTlhY2EtNGY4ZC1hZmNkLTgxZjY1ZTFkZTU0YiIsImVtYWlsIjoidXNlckB0ZXN0LmNvbSIsInVzZXJuYW1lIjoidGVzdHVzZXIiLCJpYXQiOjE3NTU3ODkwNjAsImV4cCI6MTc1NTg3NTQ2MH0.cOiE3oTuHR01qzRycg9mvySkJzSci3Txun4FYHKd8ys&Content-Type=%20application/json","userAgent":"PostmanRuntime/7.45.0"}
{"level":"info","message":"Request recebida","method":"POST","timestamp":"2025-08-23T14:42:47.628Z","url":"/api/auth/login?Content-Type=application/json","userAgent":"PostmanRuntime/7.45.0"}
{"level":"info","message":"Request recebida","method":"POST","timestamp":"2025-08-23T14:42:50.603Z","url":"/api/auth/register","userAgent":"PostmanRuntime/7.45.0"}
{"level":"info","message":"Request recebida","method":"POST","timestamp":"2025-08-23T14:42:53.569Z","url":"/api/auth/login?Content-Type=application/json","userAgent":"PostmanRuntime/7.45.0"}
{"level":"info","message":"Request recebida","method":"GET","timestamp":"2025-08-23T14:44:57.783Z","url":"/api/tasks?category=Estudos","userAgent":"PostmanRuntime/7.45.0"}
{"level":"info","message":"Request recebida","method":"GET","timestamp":"2025-08-23T14:45:11.537Z","url":"/api/tasks?tags=node","userAgent":"PostmanRuntime/7.45.0"}
{"level":"info","message":"Request recebida","method":"GET","timestamp":"2025-08-23T14:45:13.447Z","url":"/api/tasks?tags=node","userAgent":"PostmanRuntime/7.45.0"}
{"level":"info","message":"Request recebida","method":"GET","timestamp":"2025-08-23T14:45:30.170Z","url":"/api/tasks?tags=node","userAgent":"PostmanRuntime/7.45.0"}
{"level":"info","message":"Request recebida","method":"GET","timestamp":"2025-08-23T14:45:34.997Z","url":"/api/tasks?category=Estudos","userAgent":"PostmanRuntime/7.45.0"}
{"level":"info","message":"Request recebida","method":"GET","timestamp":"2025-08-23T14:45:35.930Z","url":"/api/tasks?category=Estudos","userAgent":"PostmanRuntime/7.45.0"}
{"level":"info","message":"Request recebida","method":"GET","timestamp":"2025-08-23T14:45:53.753Z","url":"/api/tasks","userAgent":"PostmanRuntime/7.45.0"}
{"level":"info","message":"Request recebida","method":"GET","timestamp":"2025-08-23T14:46:05.894Z","url":"/api/tasks?category=Estudos","userAgent":"PostmanRuntime/7.45.0"}
{"level":"info","message":"Request recebida","method":"POST","timestamp":"2025-08-23T14:49:57.966Z","url":"/api/auth/register","userAgent":"PostmanRuntime/7.45.0"}
{"level":"info","message":"Request recebida","method":"POST","timestamp":"2025-08-23T14:50:02.191Z","url":"/api/auth/login?Content-Type=application/json","userAgent":"PostmanRuntime/7.45.0"}
{"level":"info","message":"Request recebida","method":"POST","timestamp":"2025-08-23T14:50:23.618Z","url":"/api/tasks?Authorization=eyJhbGciOiJIUzI1NiIsInR5cCI6IkpXVCJ9.eyJpZCI6Ijg0ODNiYzMwLTlhY2EtNGY4ZC1hZmNkLTgxZjY1ZTFkZTU0YiIsImVtYWlsIjoidXNlckB0ZXN0LmNvbSIsInVzZXJuYW1lIjoidGVzdHVzZXIiLCJpYXQiOjE3NTU3ODkwNjAsImV4cCI6MTc1NTg3NTQ2MH0.cOiE3oTuHR01qzRycg9mvySkJzSci3Txun4FYHKd8ys&Content-Type=%20application/json","userAgent":"PostmanRuntime/7.45.0"}
{"level":"info","message":"Request recebida","method":"POST","timestamp":"2025-08-23T14:50:30.405Z","url":"/api/tasks?Authorization=eyJhbGciOiJIUzI1NiIsInR5cCI6IkpXVCJ9.eyJpZCI6Ijg0ODNiYzMwLTlhY2EtNGY4ZC1hZmNkLTgxZjY1ZTFkZTU0YiIsImVtYWlsIjoidXNlckB0ZXN0LmNvbSIsInVzZXJuYW1lIjoidGVzdHVzZXIiLCJpYXQiOjE3NTU3ODkwNjAsImV4cCI6MTc1NTg3NTQ2MH0.cOiE3oTuHR01qzRycg9mvySkJzSci3Txun4FYHKd8ys&Content-Type=%20application/json","userAgent":"PostmanRuntime/7.45.0"}
{"level":"info","message":"Request recebida","method":"POST","timestamp":"2025-08-23T14:50:31.108Z","url":"/api/tasks?Authorization=eyJhbGciOiJIUzI1NiIsInR5cCI6IkpXVCJ9.eyJpZCI6Ijg0ODNiYzMwLTlhY2EtNGY4ZC1hZmNkLTgxZjY1ZTFkZTU0YiIsImVtYWlsIjoidXNlckB0ZXN0LmNvbSIsInVzZXJuYW1lIjoidGVzdHVzZXIiLCJpYXQiOjE3NTU3ODkwNjAsImV4cCI6MTc1NTg3NTQ2MH0.cOiE3oTuHR01qzRycg9mvySkJzSci3Txun4FYHKd8ys&Content-Type=%20application/json","userAgent":"PostmanRuntime/7.45.0"}
{"level":"info","message":"Request recebida","method":"POST","timestamp":"2025-08-23T14:50:36.227Z","url":"/api/tasks?Authorization=eyJhbGciOiJIUzI1NiIsInR5cCI6IkpXVCJ9.eyJpZCI6Ijg0ODNiYzMwLTlhY2EtNGY4ZC1hZmNkLTgxZjY1ZTFkZTU0YiIsImVtYWlsIjoidXNlckB0ZXN0LmNvbSIsInVzZXJuYW1lIjoidGVzdHVzZXIiLCJpYXQiOjE3NTU3ODkwNjAsImV4cCI6MTc1NTg3NTQ2MH0.cOiE3oTuHR01qzRycg9mvySkJzSci3Txun4FYHKd8ys&Content-Type=%20application/json","userAgent":"PostmanRuntime/7.45.0"}
{"level":"info","message":"Request recebida","method":"POST","timestamp":"2025-08-23T14:51:10.744Z","url":"/api/tasks?Authorization=eyJhbGciOiJIUzI1NiIsInR5cCI6IkpXVCJ9.eyJpZCI6Ijg0ODNiYzMwLTlhY2EtNGY4ZC1hZmNkLTgxZjY1ZTFkZTU0YiIsImVtYWlsIjoidXNlckB0ZXN0LmNvbSIsInVzZXJuYW1lIjoidGVzdHVzZXIiLCJpYXQiOjE3NTU3ODkwNjAsImV4cCI6MTc1NTg3NTQ2MH0.cOiE3oTuHR01qzRycg9mvySkJzSci3Txun4FYHKd8ys&Content-Type=%20application/json","userAgent":"PostmanRuntime/7.45.0"}
{"level":"info","message":"Request recebida","method":"POST","timestamp":"2025-08-23T14:51:19.166Z","url":"/api/tasks?Authorization=eyJhbGciOiJIUzI1NiIsInR5cCI6IkpXVCJ9.eyJpZCI6Ijg0ODNiYzMwLTlhY2EtNGY4ZC1hZmNkLTgxZjY1ZTFkZTU0YiIsImVtYWlsIjoidXNlckB0ZXN0LmNvbSIsInVzZXJuYW1lIjoidGVzdHVzZXIiLCJpYXQiOjE3NTU3ODkwNjAsImV4cCI6MTc1NTg3NTQ2MH0.cOiE3oTuHR01qzRycg9mvySkJzSci3Txun4FYHKd8ys&Content-Type=%20application/json","userAgent":"PostmanRuntime/7.45.0"}
{"level":"info","message":"Request recebida","method":"POST","timestamp":"2025-08-23T14:51:22.161Z","url":"/api/tasks?Authorization=eyJhbGciOiJIUzI1NiIsInR5cCI6IkpXVCJ9.eyJpZCI6Ijg0ODNiYzMwLTlhY2EtNGY4ZC1hZmNkLTgxZjY1ZTFkZTU0YiIsImVtYWlsIjoidXNlckB0ZXN0LmNvbSIsInVzZXJuYW1lIjoidGVzdHVzZXIiLCJpYXQiOjE3NTU3ODkwNjAsImV4cCI6MTc1NTg3NTQ2MH0.cOiE3oTuHR01qzRycg9mvySkJzSci3Txun4FYHKd8ys&Content-Type=%20application/json","userAgent":"PostmanRuntime/7.45.0"}
{"level":"info","message":"Request recebida","method":"POST","timestamp":"2025-08-23T14:51:36.198Z","url":"/api/tasks?Authorization=eyJhbGciOiJIUzI1NiIsInR5cCI6IkpXVCJ9.eyJpZCI6Ijg0ODNiYzMwLTlhY2EtNGY4ZC1hZmNkLTgxZjY1ZTFkZTU0YiIsImVtYWlsIjoidXNlckB0ZXN0LmNvbSIsInVzZXJuYW1lIjoidGVzdHVzZXIiLCJpYXQiOjE3NTU3ODkwNjAsImV4cCI6MTc1NTg3NTQ2MH0.cOiE3oTuHR01qzRycg9mvySkJzSci3Txun4FYHKd8ys&Content-Type=%20application/json","userAgent":"PostmanRuntime/7.45.0"}
{"level":"info","message":"Request recebida","method":"POST","timestamp":"2025-08-23T14:51:41.851Z","url":"/api/tasks?Authorization=eyJhbGciOiJIUzI1NiIsInR5cCI6IkpXVCJ9.eyJpZCI6Ijg0ODNiYzMwLTlhY2EtNGY4ZC1hZmNkLTgxZjY1ZTFkZTU0YiIsImVtYWlsIjoidXNlckB0ZXN0LmNvbSIsInVzZXJuYW1lIjoidGVzdHVzZXIiLCJpYXQiOjE3NTU3ODkwNjAsImV4cCI6MTc1NTg3NTQ2MH0.cOiE3oTuHR01qzRycg9mvySkJzSci3Txun4FYHKd8ys&Content-Type=%20application/json","userAgent":"PostmanRuntime/7.45.0"}
{"level":"info","message":"Request recebida","method":"GET","timestamp":"2025-08-23T14:52:00.824Z","url":"/api/tasks","userAgent":"PostmanRuntime/7.45.0"}
{"level":"info","message":"Request recebida","method":"GET","timestamp":"2025-08-23T14:52:07.267Z","url":"/api/tasks?category=Estudos","userAgent":"PostmanRuntime/7.45.0"}
{"level":"info","message":"Request recebida","method":"GET","timestamp":"2025-08-23T14:52:22.477Z","url":"/api/tasks?category=Estudos","userAgent":"PostmanRuntime/7.45.0"}
{"level":"info","message":"Request recebida","method":"GET","timestamp":"2025-08-23T14:54:14.839Z","url":"/api/tasks?category=Estudos","userAgent":"PostmanRuntime/7.45.0"}
{"level":"info","message":"Request recebida","method":"GET","timestamp":"2025-08-23T14:54:15.923Z","url":"/api/tasks?category=Estudos","userAgent":"PostmanRuntime/7.45.0"}
{"level":"info","message":"Request recebida","method":"POST","timestamp":"2025-08-23T14:59:50.744Z","url":"/api/tasks?Authorization=eyJhbGciOiJIUzI1NiIsInR5cCI6IkpXVCJ9.eyJpZCI6Ijg0ODNiYzMwLTlhY2EtNGY4ZC1hZmNkLTgxZjY1ZTFkZTU0YiIsImVtYWlsIjoidXNlckB0ZXN0LmNvbSIsInVzZXJuYW1lIjoidGVzdHVzZXIiLCJpYXQiOjE3NTU3ODkwNjAsImV4cCI6MTc1NTg3NTQ2MH0.cOiE3oTuHR01qzRycg9mvySkJzSci3Txun4FYHKd8ys&Content-Type=%20application/json","userAgent":"PostmanRuntime/7.45.0"}
{"level":"info","message":"Request recebida","method":"POST","timestamp":"2025-08-23T15:00:44.333Z","url":"/api/tasks?Authorization=eyJhbGciOiJIUzI1NiIsInR5cCI6IkpXVCJ9.eyJpZCI6Ijg0ODNiYzMwLTlhY2EtNGY4ZC1hZmNkLTgxZjY1ZTFkZTU0YiIsImVtYWlsIjoidXNlckB0ZXN0LmNvbSIsInVzZXJuYW1lIjoidGVzdHVzZXIiLCJpYXQiOjE3NTU3ODkwNjAsImV4cCI6MTc1NTg3NTQ2MH0.cOiE3oTuHR01qzRycg9mvySkJzSci3Txun4FYHKd8ys&Content-Type=%20application/json","userAgent":"PostmanRuntime/7.45.0"}
{"level":"info","message":"Request recebida","method":"POST","timestamp":"2025-08-23T15:03:11.578Z","url":"/api/tasks?Authorization=eyJhbGciOiJIUzI1NiIsInR5cCI6IkpXVCJ9.eyJpZCI6Ijg0ODNiYzMwLTlhY2EtNGY4ZC1hZmNkLTgxZjY1ZTFkZTU0YiIsImVtYWlsIjoidXNlckB0ZXN0LmNvbSIsInVzZXJuYW1lIjoidGVzdHVzZXIiLCJpYXQiOjE3NTU3ODkwNjAsImV4cCI6MTc1NTg3NTQ2MH0.cOiE3oTuHR01qzRycg9mvySkJzSci3Txun4FYHKd8ys&Content-Type=%20application/json","userAgent":"PostmanRuntime/7.45.0"}
{"level":"info","message":"Request recebida","method":"GET","timestamp":"2025-08-23T15:03:17.808Z","url":"/api/tasks?category=Estudos","userAgent":"PostmanRuntime/7.45.0"}
{"level":"info","message":"Request recebida","method":"GET","timestamp":"2025-08-23T15:03:19.182Z","url":"/api/tasks?category=Estudos","userAgent":"PostmanRuntime/7.45.0"}
{"level":"info","message":"Request recebida","method":"GET","timestamp":"2025-08-23T15:03:34.581Z","url":"/api/tasks?category=Estudos","userAgent":"PostmanRuntime/7.45.0"}
{"level":"info","message":"Request recebida","method":"GET","timestamp":"2025-08-23T15:03:41.107Z","url":"/api/tasks","userAgent":"PostmanRuntime/7.45.0"}
{"level":"info","message":"Request recebida","method":"GET","timestamp":"2025-08-23T15:04:06.713Z","url":"/api/tasks?category=Estudos","userAgent":"PostmanRuntime/7.45.0"}
{"level":"info","message":"Request recebida","method":"GET","timestamp":"2025-08-23T15:05:22.120Z","url":"/api/tasks?category=Estudos","userAgent":"PostmanRuntime/7.45.0"}
{"level":"info","message":"Request recebida","method":"POST","timestamp":"2025-08-23T15:06:41.708Z","url":"/api/tasks?Authorization=eyJhbGciOiJIUzI1NiIsInR5cCI6IkpXVCJ9.eyJpZCI6Ijg0ODNiYzMwLTlhY2EtNGY4ZC1hZmNkLTgxZjY1ZTFkZTU0YiIsImVtYWlsIjoidXNlckB0ZXN0LmNvbSIsInVzZXJuYW1lIjoidGVzdHVzZXIiLCJpYXQiOjE3NTU3ODkwNjAsImV4cCI6MTc1NTg3NTQ2MH0.cOiE3oTuHR01qzRycg9mvySkJzSci3Txun4FYHKd8ys&Content-Type=%20application/json","userAgent":"PostmanRuntime/7.45.0"}
{"level":"info","message":"Request recebida","method":"POST","timestamp":"2025-08-23T15:06:42.568Z","url":"/api/tasks?Authorization=eyJhbGciOiJIUzI1NiIsInR5cCI6IkpXVCJ9.eyJpZCI6Ijg0ODNiYzMwLTlhY2EtNGY4ZC1hZmNkLTgxZjY1ZTFkZTU0YiIsImVtYWlsIjoidXNlckB0ZXN0LmNvbSIsInVzZXJuYW1lIjoidGVzdHVzZXIiLCJpYXQiOjE3NTU3ODkwNjAsImV4cCI6MTc1NTg3NTQ2MH0.cOiE3oTuHR01qzRycg9mvySkJzSci3Txun4FYHKd8ys&Content-Type=%20application/json","userAgent":"PostmanRuntime/7.45.0"}
{"level":"info","message":"Request recebida","method":"GET","timestamp":"2025-08-23T15:06:44.974Z","url":"/api/tasks?category=Estudos","userAgent":"PostmanRuntime/7.45.0"}
{"level":"info","message":"Request recebida","method":"POST","timestamp":"2025-08-23T15:07:28.233Z","url":"/api/auth/register","userAgent":"PostmanRuntime/7.45.0"}
{"level":"info","message":"Request recebida","method":"POST","timestamp":"2025-08-23T15:07:30.120Z","url":"/api/auth/login?Content-Type=application/json","userAgent":"PostmanRuntime/7.45.0"}
{"level":"info","message":"Request recebida","method":"POST","timestamp":"2025-08-23T15:07:36.795Z","url":"/api/tasks?Authorization=eyJhbGciOiJIUzI1NiIsInR5cCI6IkpXVCJ9.eyJpZCI6Ijg0ODNiYzMwLTlhY2EtNGY4ZC1hZmNkLTgxZjY1ZTFkZTU0YiIsImVtYWlsIjoidXNlckB0ZXN0LmNvbSIsInVzZXJuYW1lIjoidGVzdHVzZXIiLCJpYXQiOjE3NTU3ODkwNjAsImV4cCI6MTc1NTg3NTQ2MH0.cOiE3oTuHR01qzRycg9mvySkJzSci3Txun4FYHKd8ys&Content-Type=%20application/json","userAgent":"PostmanRuntime/7.45.0"}
{"level":"info","message":"Request recebida","method":"POST","timestamp":"2025-08-23T15:07:37.597Z","url":"/api/tasks?Authorization=eyJhbGciOiJIUzI1NiIsInR5cCI6IkpXVCJ9.eyJpZCI6Ijg0ODNiYzMwLTlhY2EtNGY4ZC1hZmNkLTgxZjY1ZTFkZTU0YiIsImVtYWlsIjoidXNlckB0ZXN0LmNvbSIsInVzZXJuYW1lIjoidGVzdHVzZXIiLCJpYXQiOjE3NTU3ODkwNjAsImV4cCI6MTc1NTg3NTQ2MH0.cOiE3oTuHR01qzRycg9mvySkJzSci3Txun4FYHKd8ys&Content-Type=%20application/json","userAgent":"PostmanRuntime/7.45.0"}
{"level":"info","message":"Request recebida","method":"GET","timestamp":"2025-08-23T15:07:44.992Z","url":"/api/tasks","userAgent":"PostmanRuntime/7.45.0"}
{"level":"info","message":"Request recebida","method":"GET","timestamp":"2025-08-23T15:07:57.135Z","url":"/api/tasks","userAgent":"PostmanRuntime/7.45.0"}
{"level":"info","message":"Request recebida","method":"GET","timestamp":"2025-08-23T15:07:58.678Z","url":"/api/tasks","userAgent":"PostmanRuntime/7.45.0"}
{"level":"info","message":"Request recebida","method":"GET","timestamp":"2025-08-23T15:08:02.722Z","url":"/api/tasks?category=Estudos","userAgent":"PostmanRuntime/7.45.0"}
{"level":"info","message":"Request recebida","method":"POST","timestamp":"2025-08-23T15:08:12.752Z","url":"/api/tasks?Authorization=eyJhbGciOiJIUzI1NiIsInR5cCI6IkpXVCJ9.eyJpZCI6Ijg0ODNiYzMwLTlhY2EtNGY4ZC1hZmNkLTgxZjY1ZTFkZTU0YiIsImVtYWlsIjoidXNlckB0ZXN0LmNvbSIsInVzZXJuYW1lIjoidGVzdHVzZXIiLCJpYXQiOjE3NTU3ODkwNjAsImV4cCI6MTc1NTg3NTQ2MH0.cOiE3oTuHR01qzRycg9mvySkJzSci3Txun4FYHKd8ys&Content-Type=%20application/json","userAgent":"PostmanRuntime/7.45.0"}
{"level":"info","message":"Request recebida","method":"POST","timestamp":"2025-08-23T15:08:13.678Z","url":"/api/tasks?Authorization=eyJhbGciOiJIUzI1NiIsInR5cCI6IkpXVCJ9.eyJpZCI6Ijg0ODNiYzMwLTlhY2EtNGY4ZC1hZmNkLTgxZjY1ZTFkZTU0YiIsImVtYWlsIjoidXNlckB0ZXN0LmNvbSIsInVzZXJuYW1lIjoidGVzdHVzZXIiLCJpYXQiOjE3NTU3ODkwNjAsImV4cCI6MTc1NTg3NTQ2MH0.cOiE3oTuHR01qzRycg9mvySkJzSci3Txun4FYHKd8ys&Content-Type=%20application/json","userAgent":"PostmanRuntime/7.45.0"}
{"level":"info","message":"Request recebida","method":"GET","timestamp":"2025-08-23T15:08:16.108Z","url":"/api/tasks","userAgent":"PostmanRuntime/7.45.0"}
{"level":"info","message":"Request recebida","method":"GET","timestamp":"2025-08-23T15:12:29.473Z","url":"/api/tasks","userAgent":"PostmanRuntime/7.45.0"}
{"level":"info","message":"Request recebida","method":"POST","timestamp":"2025-08-23T15:13:17.731Z","url":"/api/tasks?Authorization=eyJhbGciOiJIUzI1NiIsInR5cCI6IkpXVCJ9.eyJpZCI6ImVhZTVkMThlLTVmNzctNGI4ZC1hYTk2LTFlNTY0ZDNmYWE0MyIsImVtYWlsIjoidXNlckB0ZXN0LmNvbSIsInVzZXJuYW1lIjoidGVzdHVzZXIiLCJpYXQiOjE3NTU5NjE2NTAsImV4cCI6MTc1NjA0ODA1MH0.JsxAs8eLRYNUqEvqlJQpWGjn2vCNrSt8cOsJGa4HJII&Content-Type=%20application/json","userAgent":"PostmanRuntime/7.45.0"}
{"level":"info","message":"Request recebida","method":"POST","timestamp":"2025-08-23T15:13:20.017Z","url":"/api/tasks?Authorization=eyJhbGciOiJIUzI1NiIsInR5cCI6IkpXVCJ9.eyJpZCI6ImVhZTVkMThlLTVmNzctNGI4ZC1hYTk2LTFlNTY0ZDNmYWE0MyIsImVtYWlsIjoidXNlckB0ZXN0LmNvbSIsInVzZXJuYW1lIjoidGVzdHVzZXIiLCJpYXQiOjE3NTU5NjE2NTAsImV4cCI6MTc1NjA0ODA1MH0.JsxAs8eLRYNUqEvqlJQpWGjn2vCNrSt8cOsJGa4HJII&Content-Type=%20application/json","userAgent":"PostmanRuntime/7.45.0"}
{"level":"info","message":"Request recebida","method":"GET","timestamp":"2025-08-23T15:13:24.693Z","url":"/api/tasks","userAgent":"PostmanRuntime/7.45.0"}
{"level":"info","message":"Request recebida","method":"GET","timestamp":"2025-08-23T15:13:25.578Z","url":"/api/tasks","userAgent":"PostmanRuntime/7.45.0"}
{"level":"info","message":"Request recebida","method":"POST","timestamp":"2025-08-23T15:15:01.312Z","url":"/api/tasks?Authorization=eyJhbGciOiJIUzI1NiIsInR5cCI6IkpXVCJ9.eyJpZCI6ImVhZTVkMThlLTVmNzctNGI4ZC1hYTk2LTFlNTY0ZDNmYWE0MyIsImVtYWlsIjoidXNlckB0ZXN0LmNvbSIsInVzZXJuYW1lIjoidGVzdHVzZXIiLCJpYXQiOjE3NTU5NjE2NTAsImV4cCI6MTc1NjA0ODA1MH0.JsxAs8eLRYNUqEvqlJQpWGjn2vCNrSt8cOsJGa4HJII&Content-Type=%20application/json","userAgent":"PostmanRuntime/7.45.0"}
{"level":"info","message":"Request recebida","method":"GET","timestamp":"2025-08-23T15:15:07.449Z","url":"/api/tasks","userAgent":"PostmanRuntime/7.45.0"}
{"level":"info","message":"Request recebida","method":"POST","timestamp":"2025-08-23T15:15:42.138Z","url":"/api/tasks?Authorization=Bearer%20eyJhbGciOiJIUzI1NiIsInR5cCI6IkpXVCJ9.eyJpZCI6ImVhZTVkMThlLTVmNzctNGI4ZC1hYTk2LTFlNTY0ZDNmYWE0MyIsImVtYWlsIjoidXNlckB0ZXN0LmNvbSIsInVzZXJuYW1lIjoidGVzdHVzZXIiLCJpYXQiOjE3NTU5NjE2NTAsImV4cCI6MTc1NjA0ODA1MH0.JsxAs8eLRYNUqEvqlJQpWGjn2vCNrSt8cOsJGa4HJII&Content-Type=%20application/json","userAgent":"PostmanRuntime/7.45.0"}
{"level":"info","message":"Request recebida","method":"POST","timestamp":"2025-08-23T15:15:43.472Z","url":"/api/tasks?Authorization=Bearer%20eyJhbGciOiJIUzI1NiIsInR5cCI6IkpXVCJ9.eyJpZCI6ImVhZTVkMThlLTVmNzctNGI4ZC1hYTk2LTFlNTY0ZDNmYWE0MyIsImVtYWlsIjoidXNlckB0ZXN0LmNvbSIsInVzZXJuYW1lIjoidGVzdHVzZXIiLCJpYXQiOjE3NTU5NjE2NTAsImV4cCI6MTc1NjA0ODA1MH0.JsxAs8eLRYNUqEvqlJQpWGjn2vCNrSt8cOsJGa4HJII&Content-Type=%20application/json","userAgent":"PostmanRuntime/7.45.0"}
{"level":"info","message":"Request recebida","method":"GET","timestamp":"2025-08-23T15:15:46.894Z","url":"/api/tasks","userAgent":"PostmanRuntime/7.45.0"}
{"level":"info","message":"Request recebida","method":"GET","timestamp":"2025-08-23T15:15:47.708Z","url":"/api/tasks","userAgent":"PostmanRuntime/7.45.0"}
{"level":"info","message":"Request recebida","method":"GET","timestamp":"2025-08-23T15:15:55.657Z","url":"/api/tasks","userAgent":"PostmanRuntime/7.45.0"}
{"level":"info","message":"Request recebida","method":"POST","timestamp":"2025-08-23T15:16:40.815Z","url":"/api/tasks?Authorization=Bearer%20eyJhbGciOiJIUzI1NiIsInR5cCI6IkpXVCJ9.eyJpZCI6ImVhZTVkMThlLTVmNzctNGI4ZC1hYTk2LTFlNTY0ZDNmYWE0MyIsImVtYWlsIjoidXNlckB0ZXN0LmNvbSIsInVzZXJuYW1lIjoidGVzdHVzZXIiLCJpYXQiOjE3NTU5NjE2NTAsImV4cCI6MTc1NjA0ODA1MH0.JsxAs8eLRYNUqEvqlJQpWGjn2vCNrSt8cOsJGa4HJII","userAgent":"PostmanRuntime/7.45.0"}
{"level":"info","message":"Request recebida","method":"POST","timestamp":"2025-08-23T15:16:41.580Z","url":"/api/tasks?Authorization=Bearer%20eyJhbGciOiJIUzI1NiIsInR5cCI6IkpXVCJ9.eyJpZCI6ImVhZTVkMThlLTVmNzctNGI4ZC1hYTk2LTFlNTY0ZDNmYWE0MyIsImVtYWlsIjoidXNlckB0ZXN0LmNvbSIsInVzZXJuYW1lIjoidGVzdHVzZXIiLCJpYXQiOjE3NTU5NjE2NTAsImV4cCI6MTc1NjA0ODA1MH0.JsxAs8eLRYNUqEvqlJQpWGjn2vCNrSt8cOsJGa4HJII","userAgent":"PostmanRuntime/7.45.0"}
{"level":"info","message":"Request recebida","method":"GET","timestamp":"2025-08-23T15:16:42.953Z","url":"/api/tasks","userAgent":"PostmanRuntime/7.45.0"}
{"level":"info","message":"Request recebida","method":"GET","timestamp":"2025-08-23T15:16:44.094Z","url":"/api/tasks","userAgent":"PostmanRuntime/7.45.0"}
{"level":"info","message":"Request recebida","method":"POST","timestamp":"2025-08-23T15:17:02.505Z","url":"/api/tasks","userAgent":"PostmanRuntime/7.45.0"}
{"level":"info","message":"Request recebida","method":"GET","timestamp":"2025-08-23T15:17:07.074Z","url":"/api/tasks","userAgent":"PostmanRuntime/7.45.0"}
{"level":"info","message":"Request recebida","method":"POST","timestamp":"2025-08-23T15:17:12.011Z","url":"/api/auth/login?Content-Type=application/json","userAgent":"PostmanRuntime/7.45.0"}
{"level":"info","message":"Request recebida","method":"POST","timestamp":"2025-08-23T15:17:41.044Z","url":"/api/tasks?Authorization=Bearer%20eyJhbGciOiJIUzI1NiIsInR5cCI6IkpXVCJ9.eyJpZCI6ImVhZTVkMThlLTVmNzctNGI4ZC1hYTk2LTFlNTY0ZDNmYWE0MyIsImVtYWlsIjoidXNlckB0ZXN0LmNvbSIsInVzZXJuYW1lIjoidGVzdHVzZXIiLCJpYXQiOjE3NTU5NjIyMzIsImV4cCI6MTc1NjA0ODYzMn0.HVXdctRNJQUpFSvlBOTNl-GehCIYH48foprHBQxLDPw","userAgent":"PostmanRuntime/7.45.0"}
{"level":"info","message":"Request recebida","method":"POST","timestamp":"2025-08-23T15:18:02.125Z","url":"/api/tasks?Authorization=Bearer%20eyJhbGciOiJIUzI1NiIsInR5cCI6IkpXVCJ9.eyJpZCI6ImVhZTVkMThlLTVmNzctNGI4ZC1hYTk2LTFlNTY0ZDNmYWE0MyIsImVtYWlsIjoidXNlckB0ZXN0LmNvbSIsInVzZXJuYW1lIjoidGVzdHVzZXIiLCJpYXQiOjE3NTU5NjIyMzIsImV4cCI6MTc1NjA0ODYzMn0.HVXdctRNJQUpFSvlBOTNl-GehCIYH48foprHBQxLDPw","userAgent":"PostmanRuntime/7.45.0"}
{"level":"info","message":"Request recebida","method":"GET","timestamp":"2025-08-23T15:18:08.776Z","url":"/api/tasks","userAgent":"PostmanRuntime/7.45.0"}
{"level":"info","message":"Request recebida","method":"GET","timestamp":"2025-08-23T15:18:09.934Z","url":"/api/tasks","userAgent":"PostmanRuntime/7.45.0"}
{"level":"info","message":"Request recebida","method":"GET","timestamp":"2025-08-23T15:18:11.207Z","url":"/api/tasks","userAgent":"PostmanRuntime/7.45.0"}
{"level":"info","message":"Request recebida","method":"GET","timestamp":"2025-08-23T15:21:40.182Z","url":"/api/tasks","userAgent":"PostmanRuntime/7.45.0"}
{"level":"info","message":"Request recebida","method":"POST","timestamp":"2025-08-23T15:21:57.420Z","url":"/api/tasks?Authorization=Bearer%20eyJhbGciOiJIUzI1NiIsInR5cCI6IkpXVCJ9.eyJpZCI6ImVhZTVkMThlLTVmNzctNGI4ZC1hYTk2LTFlNTY0ZDNmYWE0MyIsImVtYWlsIjoidXNlckB0ZXN0LmNvbSIsInVzZXJuYW1lIjoidGVzdHVzZXIiLCJpYXQiOjE3NTU5NjIyMzIsImV4cCI6MTc1NjA0ODYzMn0.HVXdctRNJQUpFSvlBOTNl-GehCIYH48foprHBQxLDPw","userAgent":"PostmanRuntime/7.45.0"}
{"level":"info","message":"Request recebida","method":"POST","timestamp":"2025-08-23T15:23:04.041Z","url":"/api/tasks?Authorization=Bearer%20eyJhbGciOiJIUzI1NiIsInR5cCI6IkpXVCJ9.eyJpZCI6ImVhZTVkMThlLTVmNzctNGI4ZC1hYTk2LTFlNTY0ZDNmYWE0MyIsImVtYWlsIjoidXNlckB0ZXN0LmNvbSIsInVzZXJuYW1lIjoidGVzdHVzZXIiLCJpYXQiOjE3NTU5NjIyMzIsImV4cCI6MTc1NjA0ODYzMn0.HVXdctRNJQUpFSvlBOTNl-GehCIYH48foprHBQxLDPw","userAgent":"PostmanRuntime/7.45.0"}
{"level":"info","message":"Request recebida","method":"POST","timestamp":"2025-08-23T15:23:20.333Z","url":"/api/tasks?Authorization=Bearer%20eyJhbGciOiJIUzI1NiIsInR5cCI6IkpXVCJ9.eyJpZCI6ImVhZTVkMThlLTVmNzctNGI4ZC1hYTk2LTFlNTY0ZDNmYWE0MyIsImVtYWlsIjoidXNlckB0ZXN0LmNvbSIsInVzZXJuYW1lIjoidGVzdHVzZXIiLCJpYXQiOjE3NTU5NjIyMzIsImV4cCI6MTc1NjA0ODYzMn0.HVXdctRNJQUpFSvlBOTNl-GehCIYH48foprHBQxLDPw","userAgent":"PostmanRuntime/7.45.0"}
{"level":"info","message":"Request recebida","method":"GET","timestamp":"2025-08-23T15:26:47.537Z","url":"/api/tasks","userAgent":"PostmanRuntime/7.45.0"}
{"level":"info","message":"Request recebida","method":"POST","timestamp":"2025-08-23T15:32:26.159Z","url":"/api/tasks?Authorization=Bearer%20eyJhbGciOiJIUzI1NiIsInR5cCI6IkpXVCJ9.eyJpZCI6ImVhZTVkMThlLTVmNzctNGI4ZC1hYTk2LTFlNTY0ZDNmYWE0MyIsImVtYWlsIjoidXNlckB0ZXN0LmNvbSIsInVzZXJuYW1lIjoidGVzdHVzZXIiLCJpYXQiOjE3NTU5NjIyMzIsImV4cCI6MTc1NjA0ODYzMn0.HVXdctRNJQUpFSvlBOTNl-GehCIYH48foprHBQxLDPw","userAgent":"PostmanRuntime/7.45.0"}
{"level":"info","message":"Request recebida","method":"GET","timestamp":"2025-08-23T15:32:39.744Z","url":"/api/tasks","userAgent":"PostmanRuntime/7.45.0"}
{"level":"info","message":"Request recebida","method":"GET","timestamp":"2025-08-23T15:32:47.174Z","url":"/api/tasks","userAgent":"PostmanRuntime/7.45.0"}
{"level":"info","message":"Request recebida","method":"POST","timestamp":"2025-08-23T15:34:27.860Z","url":"/api/auth/login?Content-Type=application/json","userAgent":"PostmanRuntime/7.45.0"}
{"level":"info","message":"Request recebida","method":"POST","timestamp":"2025-08-23T15:34:30.202Z","url":"/api/auth/login?Content-Type=application/json","userAgent":"PostmanRuntime/7.45.0"}
{"level":"info","message":"Request recebida","method":"GET","timestamp":"2025-08-23T15:34:43.053Z","url":"/api/tasks","userAgent":"PostmanRuntime/7.45.0"}
{"level":"info","message":"Request recebida","method":"POST","timestamp":"2025-08-23T15:34:52.563Z","url":"/api/tasks?Authorization=Bearer%20eyJhbGciOiJIUzI1NiIsInR5cCI6IkpXVCJ9.eyJpZCI6ImVhZTVkMThlLTVmNzctNGI4ZC1hYTk2LTFlNTY0ZDNmYWE0MyIsImVtYWlsIjoidXNlckB0ZXN0LmNvbSIsInVzZXJuYW1lIjoidGVzdHVzZXIiLCJpYXQiOjE3NTU5NjMyNzAsImV4cCI6MTc1NjA0OTY3MH0.rDsaUh6X7sl2cwiJ9FlX511xAhFmRb_0Z_UlJeifV3A","userAgent":"PostmanRuntime/7.45.0"}
{"level":"info","message":"Request recebida","method":"POST","timestamp":"2025-08-23T15:34:55.395Z","url":"/api/tasks?Authorization=Bearer%20eyJhbGciOiJIUzI1NiIsInR5cCI6IkpXVCJ9.eyJpZCI6ImVhZTVkMThlLTVmNzctNGI4ZC1hYTk2LTFlNTY0ZDNmYWE0MyIsImVtYWlsIjoidXNlckB0ZXN0LmNvbSIsInVzZXJuYW1lIjoidGVzdHVzZXIiLCJpYXQiOjE3NTU5NjMyNzAsImV4cCI6MTc1NjA0OTY3MH0.rDsaUh6X7sl2cwiJ9FlX511xAhFmRb_0Z_UlJeifV3A","userAgent":"PostmanRuntime/7.45.0"}
{"level":"info","message":"Request recebida","method":"GET","timestamp":"2025-08-23T15:34:58.123Z","url":"/api/tasks","userAgent":"PostmanRuntime/7.45.0"}
{"level":"info","message":"Request recebida","method":"POST","timestamp":"2025-08-23T15:37:24.917Z","url":"/api/auth/login?Content-Type=application/json","userAgent":"PostmanRuntime/7.45.0"}
{"level":"info","message":"Request recebida","method":"POST","timestamp":"2025-08-23T15:43:16.102Z","url":"/api/auth/login?Content-Type=application/json","userAgent":"PostmanRuntime/7.45.0"}
{"body":{"identifier":"user@test.com","password":"123456"},"error":"jwt is not defined","level":"error","message":"Erro no login de usuário","method":"POST","route":"/api/auth/login?Content-Type=application/json","stack":"ReferenceError: jwt is not defined\n    at C:\\workspace\\labAppDist\\lab01-servidor-tradicional\\routes\\Auth.js:89:23","timestamp":"2025-08-23T15:43:17.024Z"}
{"level":"info","message":"Request recebida","method":"POST","timestamp":"2025-08-23T15:45:01.241Z","url":"/api/auth/login?Content-Type=application/json","userAgent":"PostmanRuntime/7.45.0"}
{"level":"info","message":"Request recebida","method":"POST","timestamp":"2025-08-23T15:45:14.200Z","url":"/api/tasks?Authorization=Bearer%20eyJhbGciOiJIUzI1NiIsInR5cCI6IkpXVCJ9.eyJpZCI6ImVhZTVkMThlLTVmNzctNGI4ZC1hYTk2LTFlNTY0ZDNmYWE0MyIsImVtYWlsIjoidXNlckB0ZXN0LmNvbSIsInVzZXJuYW1lIjoidGVzdHVzZXIiLCJpYXQiOjE3NTU5NjM5MDEsImV4cCI6MTc1NjA1MDMwMX0.WTdB1Fb09ItD_Ag6sApiGkumZpsT7w-8-5dErCWFoig","userAgent":"PostmanRuntime/7.45.0"}
{"level":"info","message":"Request recebida","method":"GET","timestamp":"2025-08-23T15:45:25.621Z","url":"/api/tasks","userAgent":"PostmanRuntime/7.45.0"}
{"level":"info","message":"Request recebida","method":"POST","timestamp":"2025-08-23T15:48:28.652Z","url":"/api/tasks","userAgent":"PostmanRuntime/7.45.0"}
{"level":"info","message":"Request recebida","method":"POST","timestamp":"2025-08-23T15:48:31.920Z","url":"/api/tasks","userAgent":"PostmanRuntime/7.45.0"}
{"level":"info","message":"Request recebida","method":"POST","timestamp":"2025-08-23T15:49:19.103Z","url":"/api/tasks","userAgent":"PostmanRuntime/7.45.0"}
{"level":"info","message":"Request recebida","method":"GET","timestamp":"2025-08-23T15:49:21.478Z","url":"/api/tasks","userAgent":"PostmanRuntime/7.45.0"}
{"level":"info","message":"Request recebida","method":"POST","timestamp":"2025-08-23T15:51:07.431Z","url":"/api/tasks","userAgent":"PostmanRuntime/7.45.0"}
{"level":"info","message":"Request recebida","method":"POST","timestamp":"2025-08-23T15:51:08.187Z","url":"/api/tasks","userAgent":"PostmanRuntime/7.45.0"}
{"level":"info","message":"Request recebida","method":"GET","timestamp":"2025-08-23T15:51:10.305Z","url":"/api/tasks","userAgent":"PostmanRuntime/7.45.0"}
{"level":"info","message":"Request recebida","method":"GET","timestamp":"2025-08-23T15:51:13.262Z","url":"/api/tasks?category=Estudos","userAgent":"PostmanRuntime/7.45.0"}
{"level":"info","message":"Request recebida","method":"GET","timestamp":"2025-08-23T15:51:18.446Z","url":"/api/tasks?category=Estudos","userAgent":"PostmanRuntime/7.45.0"}
